2014/10/05 08:18:45 [error] [exception.CHttpException.404] exception 'CHttpException' with message 'The system is unable to find the requested action "prueba".' in C:\xampp\htdocs\yii\framework\web\CController.php:483
Stack trace:
#0 C:\xampp\htdocs\yii\framework\web\CController.php(270): CController->missingAction('prueba')
#1 C:\xampp\htdocs\yii\framework\web\CWebApplication.php(282): CController->run('prueba')
#2 C:\xampp\htdocs\yii\framework\web\CWebApplication.php(141): CWebApplication->runController('site/prueba')
#3 C:\xampp\htdocs\yii\framework\base\CApplication.php(180): CWebApplication->processRequest()
#4 C:\xampp\htdocs\moduloadministracion\index.php(13): CApplication->run()
#5 {main}
REQUEST_URI=/moduloadministracion/index.php?r=site/prueba
---
2014/10/06 06:24:14 [error] [php] include(organizaciones.php): failed to open stream: No such file or directory (C:\xampp\htdocs\yii\framework\YiiBase.php:427)
Stack trace:
#0 C:\xampp\htdocs\yii\framework\db\ar\CActiveRecord.php(395): spl_autoload_call()
#1 C:\xampp\htdocs\moduloadministracion\protected\controllers\SiteController.php(30): model()
#2 C:\xampp\htdocs\yii\framework\web\actions\CInlineAction.php(49): SiteController->actionIndex()
#3 C:\xampp\htdocs\yii\framework\web\CController.php(308): CInlineAction->runWithParams()
#4 C:\xampp\htdocs\yii\framework\web\CController.php(286): SiteController->runAction()
#5 C:\xampp\htdocs\yii\framework\web\CController.php(265): SiteController->runActionWithFilters()
#6 C:\xampp\htdocs\yii\framework\web\CWebApplication.php(282): SiteController->run()
#7 C:\xampp\htdocs\yii\framework\web\CWebApplication.php(141): CWebApplication->runController()
#8 C:\xampp\htdocs\yii\framework\base\CApplication.php(180): CWebApplication->processRequest()
#9 C:\xampp\htdocs\moduloadministracion\index.php(13): CWebApplication->run()
REQUEST_URI=/moduloadministracion/index.php?r=site/index
in C:\xampp\htdocs\moduloadministracion\protected\controllers\SiteController.php (30)
in C:\xampp\htdocs\moduloadministracion\index.php (13)
2014/10/06 06:31:16 [error] [php] Undefined variable: model (C:\xampp\htdocs\moduloadministracion\protected\views\site\prueba.php:20)
Stack trace:
#0 C:\xampp\htdocs\yii\framework\web\CController.php(869): SiteController->renderFile()
#1 C:\xampp\htdocs\yii\framework\web\CController.php(782): SiteController->renderPartial()
#2 C:\xampp\htdocs\moduloadministracion\protected\controllers\SiteController.php(114): SiteController->render()
#3 C:\xampp\htdocs\yii\framework\web\actions\CInlineAction.php(49): SiteController->actionPrueba()
#4 C:\xampp\htdocs\yii\framework\web\CController.php(308): CInlineAction->runWithParams()
#5 C:\xampp\htdocs\yii\framework\web\CController.php(286): SiteController->runAction()
#6 C:\xampp\htdocs\yii\framework\web\CController.php(265): SiteController->runActionWithFilters()
#7 C:\xampp\htdocs\yii\framework\web\CWebApplication.php(282): SiteController->run()
#8 C:\xampp\htdocs\yii\framework\web\CWebApplication.php(141): CWebApplication->runController()
#9 C:\xampp\htdocs\yii\framework\base\CApplication.php(180): CWebApplication->processRequest()
#10 C:\xampp\htdocs\moduloadministracion\index.php(13): CWebApplication->run()
REQUEST_URI=/moduloadministracion/index.php?r=site/prueba
in C:\xampp\htdocs\moduloadministracion\protected\views\site\prueba.php (20)
in C:\xampp\htdocs\moduloadministracion\protected\controllers\SiteController.php (114)
in C:\xampp\htdocs\moduloadministracion\index.php (13)
2014/10/06 06:41:22 [error] [php] Use of undefined constant Nombre - assumed 'Nombre' (C:\xampp\htdocs\moduloadministracion\protected\views\site\index.php:19)
Stack trace:
#0 C:\xampp\htdocs\yii\framework\web\CController.php(869): SiteController->renderFile()
#1 C:\xampp\htdocs\yii\framework\web\CController.php(782): SiteController->renderPartial()
#2 C:\xampp\htdocs\moduloadministracion\protected\controllers\SiteController.php(34): SiteController->render()
#3 C:\xampp\htdocs\yii\framework\web\actions\CInlineAction.php(49): SiteController->actionIndex()
#4 C:\xampp\htdocs\yii\framework\web\CController.php(308): CInlineAction->runWithParams()
#5 C:\xampp\htdocs\yii\framework\web\CController.php(286): SiteController->runAction()
#6 C:\xampp\htdocs\yii\framework\web\CController.php(265): SiteController->runActionWithFilters()
#7 C:\xampp\htdocs\yii\framework\web\CWebApplication.php(282): SiteController->run()
#8 C:\xampp\htdocs\yii\framework\web\CWebApplication.php(141): CWebApplication->runController()
#9 C:\xampp\htdocs\yii\framework\base\CApplication.php(180): CWebApplication->processRequest()
#10 C:\xampp\htdocs\moduloadministracion\index.php(13): CWebApplication->run()
REQUEST_URI=/moduloadministracion/index.php?r=site/index
in C:\xampp\htdocs\moduloadministracion\protected\views\site\index.php (19)
in C:\xampp\htdocs\moduloadministracion\protected\controllers\SiteController.php (34)
in C:\xampp\htdocs\moduloadministracion\index.php (13)
2014/10/06 08:28:26 [error] [exception.CException] exception 'CException' with message 'CActiveForm and its behaviors do not have a method or closure named "labelField".' in C:\xampp\htdocs\yii\framework\base\CComponent.php:266
Stack trace:
#0 C:\xampp\htdocs\moduloadministracion\protected\views\organizaciones\_form.php(24): CComponent->__call('labelField', Array)
#1 C:\xampp\htdocs\moduloadministracion\protected\views\organizaciones\_form.php(24): CActiveForm->labelField(Object(Organizaciones), 'Nit')
#2 C:\xampp\htdocs\yii\framework\web\CBaseController.php(126): require('C:\\xampp\\htdocs...')
#3 C:\xampp\htdocs\yii\framework\web\CBaseController.php(95): CBaseController->renderInternal('C:\\xampp\\htdocs...', Array, true)
#4 C:\xampp\htdocs\yii\framework\web\CController.php(869): CBaseController->renderFile('C:\\xampp\\htdocs...', Array, true)
#5 C:\xampp\htdocs\moduloadministracion\protected\views\organizaciones\update.php(21): CController->renderPartial('_form', Array)
#6 C:\xampp\htdocs\yii\framework\web\CBaseController.php(126): require('C:\\xampp\\htdocs...')
#7 C:\xampp\htdocs\yii\framework\web\CBaseController.php(95): CBaseController->renderInternal('C:\\xampp\\htdocs...', Array, true)
#8 C:\xampp\htdocs\yii\framework\web\CController.php(869): CBaseController->renderFile('C:\\xampp\\htdocs...', Array, true)
#9 C:\xampp\htdocs\yii\framework\web\CController.php(782): CController->renderPartial('update', Array, true)
#10 C:\xampp\htdocs\moduloadministracion\protected\controllers\OrganizacionesController.php(103): CController->render('update', Array)
#11 [internal function]: OrganizacionesController->actionUpdate('1212')
#12 C:\xampp\htdocs\yii\framework\web\actions\CAction.php(108): ReflectionMethod->invokeArgs(Object(OrganizacionesController), Array)
#13 C:\xampp\htdocs\yii\framework\web\actions\CInlineAction.php(47): CAction->runWithParamsInternal(Object(OrganizacionesController), Object(ReflectionMethod), Array)
#14 C:\xampp\htdocs\yii\framework\web\CController.php(308): CInlineAction->runWithParams(Array)
#15 C:\xampp\htdocs\yii\framework\web\filters\CFilterChain.php(133): CController->runAction(Object(CInlineAction))
#16 C:\xampp\htdocs\yii\framework\web\filters\CFilter.php(40): CFilterChain->run()
#17 C:\xampp\htdocs\yii\framework\web\CController.php(1145): CFilter->filter(Object(CFilterChain))
#18 C:\xampp\htdocs\yii\framework\web\filters\CInlineFilter.php(58): CController->filterAccessControl(Object(CFilterChain))
#19 C:\xampp\htdocs\yii\framework\web\filters\CFilterChain.php(130): CInlineFilter->filter(Object(CFilterChain))
#20 C:\xampp\htdocs\yii\framework\web\CController.php(291): CFilterChain->run()
#21 C:\xampp\htdocs\yii\framework\web\CController.php(265): CController->runActionWithFilters(Object(CInlineAction), Array)
#22 C:\xampp\htdocs\yii\framework\web\CWebApplication.php(282): CController->run('update')
#23 C:\xampp\htdocs\yii\framework\web\CWebApplication.php(141): CWebApplication->runController('organizaciones/...')
#24 C:\xampp\htdocs\yii\framework\base\CApplication.php(180): CWebApplication->processRequest()
#25 C:\xampp\htdocs\moduloadministracion\index.php(13): CApplication->run()
#26 {main}
REQUEST_URI=/moduloadministracion/index.php?r=organizaciones/update&id=1212
HTTP_REFERER=http://localhost/moduloadministracion/index.php?r=organizaciones/admin
---
2014/10/06 08:35:45 [error] [php] Array to string conversion (C:\xampp\htdocs\moduloadministracion\protected\views\organizaciones\_form.php:30)
Stack trace:
#0 C:\xampp\htdocs\yii\framework\web\CController.php(869): OrganizacionesController->renderFile()
#1 C:\xampp\htdocs\moduloadministracion\protected\views\organizaciones\update.php(21): OrganizacionesController->renderPartial()
#2 C:\xampp\htdocs\yii\framework\web\CBaseController.php(126): require()
#3 C:\xampp\htdocs\yii\framework\web\CBaseController.php(95): OrganizacionesController->renderInternal()
#4 C:\xampp\htdocs\yii\framework\web\CController.php(869): OrganizacionesController->renderFile()
#5 C:\xampp\htdocs\yii\framework\web\CController.php(782): OrganizacionesController->renderPartial()
#6 C:\xampp\htdocs\moduloadministracion\protected\controllers\OrganizacionesController.php(103): OrganizacionesController->render()
#7 unknown(0): OrganizacionesController->actionUpdate()
#8 C:\xampp\htdocs\yii\framework\web\actions\CAction.php(108): ReflectionMethod->invokeArgs()
#9 C:\xampp\htdocs\yii\framework\web\actions\CInlineAction.php(47): CInlineAction->runWithParamsInternal()
#10 C:\xampp\htdocs\yii\framework\web\CController.php(308): CInlineAction->runWithParams()
#11 C:\xampp\htdocs\yii\framework\web\filters\CFilterChain.php(133): OrganizacionesController->runAction()
#12 C:\xampp\htdocs\yii\framework\web\filters\CFilter.php(40): CFilterChain->run()
#13 C:\xampp\htdocs\yii\framework\web\CController.php(1145): CAccessControlFilter->filter()
#14 C:\xampp\htdocs\yii\framework\web\filters\CInlineFilter.php(58): OrganizacionesController->filterAccessControl()
#15 C:\xampp\htdocs\yii\framework\web\filters\CFilterChain.php(130): CInlineFilter->filter()
#16 C:\xampp\htdocs\yii\framework\web\CController.php(291): CFilterChain->run()
#17 C:\xampp\htdocs\yii\framework\web\CController.php(265): OrganizacionesController->runActionWithFilters()
#18 C:\xampp\htdocs\yii\framework\web\CWebApplication.php(282): OrganizacionesController->run()
#19 C:\xampp\htdocs\yii\framework\web\CWebApplication.php(141): CWebApplication->runController()
#20 C:\xampp\htdocs\yii\framework\base\CApplication.php(180): CWebApplication->processRequest()
#21 C:\xampp\htdocs\moduloadministracion\index.php(13): CWebApplication->run()
REQUEST_URI=/moduloadministracion/index.php?r=organizaciones/update&id=1212
in C:\xampp\htdocs\moduloadministracion\protected\views\organizaciones\_form.php (30)
in C:\xampp\htdocs\moduloadministracion\protected\views\organizaciones\update.php (21)
in C:\xampp\htdocs\moduloadministracion\protected\controllers\OrganizacionesController.php (103)
2014/10/06 08:42:12 [error] [php] Illegal string offset 'required' (C:\xampp\htdocs\yii\framework\web\helpers\CHtml.php:1414)
Stack trace:
#0 C:\xampp\htdocs\yii\framework\web\CBaseController.php(126): require()
#1 C:\xampp\htdocs\yii\framework\web\CBaseController.php(95): OrganizacionesController->renderInternal()
#2 C:\xampp\htdocs\yii\framework\web\CController.php(869): OrganizacionesController->renderFile()
#3 C:\xampp\htdocs\moduloadministracion\protected\views\organizaciones\update.php(21): OrganizacionesController->renderPartial()
#4 C:\xampp\htdocs\yii\framework\web\CBaseController.php(126): require()
#5 C:\xampp\htdocs\yii\framework\web\CBaseController.php(95): OrganizacionesController->renderInternal()
#6 C:\xampp\htdocs\yii\framework\web\CController.php(869): OrganizacionesController->renderFile()
#7 C:\xampp\htdocs\yii\framework\web\CController.php(782): OrganizacionesController->renderPartial()
#8 C:\xampp\htdocs\moduloadministracion\protected\controllers\OrganizacionesController.php(103): OrganizacionesController->render()
#9 unknown(0): OrganizacionesController->actionUpdate()
#10 C:\xampp\htdocs\yii\framework\web\actions\CAction.php(108): ReflectionMethod->invokeArgs()
#11 C:\xampp\htdocs\yii\framework\web\actions\CInlineAction.php(47): CInlineAction->runWithParamsInternal()
#12 C:\xampp\htdocs\yii\framework\web\CController.php(308): CInlineAction->runWithParams()
#13 C:\xampp\htdocs\yii\framework\web\filters\CFilterChain.php(133): OrganizacionesController->runAction()
#14 C:\xampp\htdocs\yii\framework\web\filters\CFilter.php(40): CFilterChain->run()
#15 C:\xampp\htdocs\yii\framework\web\CController.php(1145): CAccessControlFilter->filter()
#16 C:\xampp\htdocs\yii\framework\web\filters\CInlineFilter.php(58): OrganizacionesController->filterAccessControl()
#17 C:\xampp\htdocs\yii\framework\web\filters\CFilterChain.php(130): CInlineFilter->filter()
#18 C:\xampp\htdocs\yii\framework\web\CController.php(291): CFilterChain->run()
#19 C:\xampp\htdocs\yii\framework\web\CController.php(265): OrganizacionesController->runActionWithFilters()
#20 C:\xampp\htdocs\yii\framework\web\CWebApplication.php(282): OrganizacionesController->run()
#21 C:\xampp\htdocs\yii\framework\web\CWebApplication.php(141): CWebApplication->runController()
#22 C:\xampp\htdocs\yii\framework\base\CApplication.php(180): CWebApplication->processRequest()
#23 C:\xampp\htdocs\moduloadministracion\index.php(13): CWebApplication->run()
REQUEST_URI=/moduloadministracion/index.php?r=organizaciones/update&id=1212
in C:\xampp\htdocs\moduloadministracion\protected\views\organizaciones\_form.php (65)
in C:\xampp\htdocs\moduloadministracion\protected\views\organizaciones\update.php (21)
in C:\xampp\htdocs\moduloadministracion\protected\controllers\OrganizacionesController.php (103)
2014/10/06 08:44:40 [error] [php] Missing argument 2 for CActiveForm::labelEx(), called in C:\xampp\htdocs\moduloadministracion\protected\views\organizaciones\_form.php on line 64 and defined (C:\xampp\htdocs\yii\framework\web\widgets\CActiveForm.php:595)
Stack trace:
#0 C:\xampp\htdocs\yii\framework\web\CBaseController.php(95): OrganizacionesController->renderInternal()
#1 C:\xampp\htdocs\yii\framework\web\CController.php(869): OrganizacionesController->renderFile()
#2 C:\xampp\htdocs\moduloadministracion\protected\views\organizaciones\update.php(21): OrganizacionesController->renderPartial()
#3 C:\xampp\htdocs\yii\framework\web\CBaseController.php(126): require()
#4 C:\xampp\htdocs\yii\framework\web\CBaseController.php(95): OrganizacionesController->renderInternal()
#5 C:\xampp\htdocs\yii\framework\web\CController.php(869): OrganizacionesController->renderFile()
#6 C:\xampp\htdocs\yii\framework\web\CController.php(782): OrganizacionesController->renderPartial()
#7 C:\xampp\htdocs\moduloadministracion\protected\controllers\OrganizacionesController.php(103): OrganizacionesController->render()
#8 unknown(0): OrganizacionesController->actionUpdate()
#9 C:\xampp\htdocs\yii\framework\web\actions\CAction.php(108): ReflectionMethod->invokeArgs()
#10 C:\xampp\htdocs\yii\framework\web\actions\CInlineAction.php(47): CInlineAction->runWithParamsInternal()
#11 C:\xampp\htdocs\yii\framework\web\CController.php(308): CInlineAction->runWithParams()
#12 C:\xampp\htdocs\yii\framework\web\filters\CFilterChain.php(133): OrganizacionesController->runAction()
#13 C:\xampp\htdocs\yii\framework\web\filters\CFilter.php(40): CFilterChain->run()
#14 C:\xampp\htdocs\yii\framework\web\CController.php(1145): CAccessControlFilter->filter()
#15 C:\xampp\htdocs\yii\framework\web\filters\CInlineFilter.php(58): OrganizacionesController->filterAccessControl()
#16 C:\xampp\htdocs\yii\framework\web\filters\CFilterChain.php(130): CInlineFilter->filter()
#17 C:\xampp\htdocs\yii\framework\web\CController.php(291): CFilterChain->run()
#18 C:\xampp\htdocs\yii\framework\web\CController.php(265): OrganizacionesController->runActionWithFilters()
#19 C:\xampp\htdocs\yii\framework\web\CWebApplication.php(282): OrganizacionesController->run()
#20 C:\xampp\htdocs\yii\framework\web\CWebApplication.php(141): CWebApplication->runController()
#21 C:\xampp\htdocs\yii\framework\base\CApplication.php(180): CWebApplication->processRequest()
#22 C:\xampp\htdocs\moduloadministracion\index.php(13): CWebApplication->run()
REQUEST_URI=/moduloadministracion/index.php?r=organizaciones/update&id=1212
in C:\xampp\htdocs\moduloadministracion\protected\views\organizaciones\_form.php (64)
in C:\xampp\htdocs\moduloadministracion\protected\views\organizaciones\update.php (21)
in C:\xampp\htdocs\moduloadministracion\protected\controllers\OrganizacionesController.php (103)
2014/10/06 08:46:44 [error] [php] Missing argument 2 for CActiveForm::labelEx(), called in C:\xampp\htdocs\moduloadministracion\protected\views\organizaciones\_form.php on line 64 and defined (C:\xampp\htdocs\yii\framework\web\widgets\CActiveForm.php:595)
Stack trace:
#0 C:\xampp\htdocs\yii\framework\web\CBaseController.php(95): OrganizacionesController->renderInternal()
#1 C:\xampp\htdocs\yii\framework\web\CController.php(869): OrganizacionesController->renderFile()
#2 C:\xampp\htdocs\moduloadministracion\protected\views\organizaciones\update.php(21): OrganizacionesController->renderPartial()
#3 C:\xampp\htdocs\yii\framework\web\CBaseController.php(126): require()
#4 C:\xampp\htdocs\yii\framework\web\CBaseController.php(95): OrganizacionesController->renderInternal()
#5 C:\xampp\htdocs\yii\framework\web\CController.php(869): OrganizacionesController->renderFile()
#6 C:\xampp\htdocs\yii\framework\web\CController.php(782): OrganizacionesController->renderPartial()
#7 C:\xampp\htdocs\moduloadministracion\protected\controllers\OrganizacionesController.php(103): OrganizacionesController->render()
#8 unknown(0): OrganizacionesController->actionUpdate()
#9 C:\xampp\htdocs\yii\framework\web\actions\CAction.php(108): ReflectionMethod->invokeArgs()
#10 C:\xampp\htdocs\yii\framework\web\actions\CInlineAction.php(47): CInlineAction->runWithParamsInternal()
#11 C:\xampp\htdocs\yii\framework\web\CController.php(308): CInlineAction->runWithParams()
#12 C:\xampp\htdocs\yii\framework\web\filters\CFilterChain.php(133): OrganizacionesController->runAction()
#13 C:\xampp\htdocs\yii\framework\web\filters\CFilter.php(40): CFilterChain->run()
#14 C:\xampp\htdocs\yii\framework\web\CController.php(1145): CAccessControlFilter->filter()
#15 C:\xampp\htdocs\yii\framework\web\filters\CInlineFilter.php(58): OrganizacionesController->filterAccessControl()
#16 C:\xampp\htdocs\yii\framework\web\filters\CFilterChain.php(130): CInlineFilter->filter()
#17 C:\xampp\htdocs\yii\framework\web\CController.php(291): CFilterChain->run()
#18 C:\xampp\htdocs\yii\framework\web\CController.php(265): OrganizacionesController->runActionWithFilters()
#19 C:\xampp\htdocs\yii\framework\web\CWebApplication.php(282): OrganizacionesController->run()
#20 C:\xampp\htdocs\yii\framework\web\CWebApplication.php(141): CWebApplication->runController()
#21 C:\xampp\htdocs\yii\framework\base\CApplication.php(180): CWebApplication->processRequest()
#22 C:\xampp\htdocs\moduloadministracion\index.php(13): CWebApplication->run()
REQUEST_URI=/moduloadministracion/index.php?r=organizaciones/update&id=1212
in C:\xampp\htdocs\moduloadministracion\protected\views\organizaciones\_form.php (64)
in C:\xampp\htdocs\moduloadministracion\protected\views\organizaciones\update.php (21)
in C:\xampp\htdocs\moduloadministracion\protected\controllers\OrganizacionesController.php (103)
2014/10/06 15:22:38 [error] [exception.CException] exception 'CException' with message 'Either "name" or "value" must be specified for CDataColumn.' in C:\xampp\htdocs\yii\framework\zii\widgets\grid\CDataColumn.php:84
Stack trace:
#0 C:\xampp\htdocs\yii\framework\zii\widgets\grid\CGridView.php(401): CDataColumn->init()
#1 C:\xampp\htdocs\yii\framework\zii\widgets\grid\CGridView.php(359): CGridView->initColumns()
#2 C:\xampp\htdocs\yii\framework\web\CBaseController.php(147): CGridView->init()
#3 C:\xampp\htdocs\yii\framework\web\CBaseController.php(172): CBaseController->createWidget('zii.widgets.gri...', Array)
#4 C:\xampp\htdocs\moduloadministracion\protected\views\organizaciones\admin.php(62): CBaseController->widget('zii.widgets.gri...', Array)
#5 C:\xampp\htdocs\yii\framework\web\CBaseController.php(126): require('C:\\xampp\\htdocs...')
#6 C:\xampp\htdocs\yii\framework\web\CBaseController.php(95): CBaseController->renderInternal('C:\\xampp\\htdocs...', Array, true)
#7 C:\xampp\htdocs\yii\framework\web\CController.php(869): CBaseController->renderFile('C:\\xampp\\htdocs...', Array, true)
#8 C:\xampp\htdocs\yii\framework\web\CController.php(782): CController->renderPartial('admin', Array, true)
#9 C:\xampp\htdocs\moduloadministracion\protected\controllers\OrganizacionesController.php(143): CController->render('admin', Array)
#10 C:\xampp\htdocs\yii\framework\web\actions\CInlineAction.php(49): OrganizacionesController->actionAdmin()
#11 C:\xampp\htdocs\yii\framework\web\CController.php(308): CInlineAction->runWithParams(Array)
#12 C:\xampp\htdocs\yii\framework\web\filters\CFilterChain.php(133): CController->runAction(Object(CInlineAction))
#13 C:\xampp\htdocs\yii\framework\web\filters\CFilter.php(40): CFilterChain->run()
#14 C:\xampp\htdocs\yii\framework\web\CController.php(1145): CFilter->filter(Object(CFilterChain))
#15 C:\xampp\htdocs\yii\framework\web\filters\CInlineFilter.php(58): CController->filterAccessControl(Object(CFilterChain))
#16 C:\xampp\htdocs\yii\framework\web\filters\CFilterChain.php(130): CInlineFilter->filter(Object(CFilterChain))
#17 C:\xampp\htdocs\yii\framework\web\CController.php(291): CFilterChain->run()
#18 C:\xampp\htdocs\yii\framework\web\CController.php(265): CController->runActionWithFilters(Object(CInlineAction), Array)
#19 C:\xampp\htdocs\yii\framework\web\CWebApplication.php(282): CController->run('admin')
#20 C:\xampp\htdocs\yii\framework\web\CWebApplication.php(141): CWebApplication->runController('organizaciones/...')
#21 C:\xampp\htdocs\yii\framework\base\CApplication.php(180): CWebApplication->processRequest()
#22 C:\xampp\htdocs\moduloadministracion\index.php(13): CApplication->run()
#23 {main}
REQUEST_URI=/moduloadministracion/index.php?r=organizaciones/admin
---
2014/10/06 16:07:41 [error] [exception.CHttpException.403] exception 'CHttpException' with message 'You are not authorized to perform this action.' in C:\xampp\htdocs\yii\framework\web\auth\CAccessControlFilter.php:182
Stack trace:
#0 C:\xampp\htdocs\yii\framework\web\auth\CAccessControlFilter.php(145): CAccessControlFilter->accessDenied(Object(CWebUser), 'You are not aut...')
#1 C:\xampp\htdocs\yii\framework\web\filters\CFilter.php(38): CAccessControlFilter->preFilter(Object(CFilterChain))
#2 C:\xampp\htdocs\yii\framework\web\CController.php(1145): CFilter->filter(Object(CFilterChain))
#3 C:\xampp\htdocs\yii\framework\web\filters\CInlineFilter.php(58): CController->filterAccessControl(Object(CFilterChain))
#4 C:\xampp\htdocs\yii\framework\web\filters\CFilterChain.php(130): CInlineFilter->filter(Object(CFilterChain))
#5 C:\xampp\htdocs\yii\framework\web\CController.php(291): CFilterChain->run()
#6 C:\xampp\htdocs\yii\framework\web\CController.php(265): CController->runActionWithFilters(Object(CInlineAction), Array)
#7 C:\xampp\htdocs\yii\framework\web\CWebApplication.php(282): CController->run('admin')
#8 C:\xampp\htdocs\yii\framework\web\CWebApplication.php(141): CWebApplication->runController('organizaciones/...')
#9 C:\xampp\htdocs\yii\framework\base\CApplication.php(180): CWebApplication->processRequest()
#10 C:\xampp\htdocs\moduloadministracion\index.php(13): CApplication->run()
#11 {main}
REQUEST_URI=/moduloadministracion/index.php?r=organizaciones/admin
HTTP_REFERER=http://localhost/moduloadministracion/index.php?r=organizaciones/index
---
2014/10/06 16:07:52 [error] [exception.CHttpException.403] exception 'CHttpException' with message 'You are not authorized to perform this action.' in C:\xampp\htdocs\yii\framework\web\auth\CAccessControlFilter.php:182
Stack trace:
#0 C:\xampp\htdocs\yii\framework\web\auth\CAccessControlFilter.php(145): CAccessControlFilter->accessDenied(Object(CWebUser), 'You are not aut...')
#1 C:\xampp\htdocs\yii\framework\web\filters\CFilter.php(38): CAccessControlFilter->preFilter(Object(CFilterChain))
#2 C:\xampp\htdocs\yii\framework\web\CController.php(1145): CFilter->filter(Object(CFilterChain))
#3 C:\xampp\htdocs\yii\framework\web\filters\CInlineFilter.php(58): CController->filterAccessControl(Object(CFilterChain))
#4 C:\xampp\htdocs\yii\framework\web\filters\CFilterChain.php(130): CInlineFilter->filter(Object(CFilterChain))
#5 C:\xampp\htdocs\yii\framework\web\CController.php(291): CFilterChain->run()
#6 C:\xampp\htdocs\yii\framework\web\CController.php(265): CController->runActionWithFilters(Object(CInlineAction), Array)
#7 C:\xampp\htdocs\yii\framework\web\CWebApplication.php(282): CController->run('admin')
#8 C:\xampp\htdocs\yii\framework\web\CWebApplication.php(141): CWebApplication->runController('organizaciones/...')
#9 C:\xampp\htdocs\yii\framework\base\CApplication.php(180): CWebApplication->processRequest()
#10 C:\xampp\htdocs\moduloadministracion\index.php(13): CApplication->run()
#11 {main}
REQUEST_URI=/moduloadministracion/index.php?r=organizaciones/admin
HTTP_REFERER=http://localhost/moduloadministracion/index.php?r=organizaciones/index
---
2014/10/06 16:09:54 [error] [exception.CHttpException.403] exception 'CHttpException' with message 'You are not authorized to perform this action.' in C:\xampp\htdocs\yii\framework\web\auth\CAccessControlFilter.php:182
Stack trace:
#0 C:\xampp\htdocs\yii\framework\web\auth\CAccessControlFilter.php(145): CAccessControlFilter->accessDenied(Object(CWebUser), 'You are not aut...')
#1 C:\xampp\htdocs\yii\framework\web\filters\CFilter.php(38): CAccessControlFilter->preFilter(Object(CFilterChain))
#2 C:\xampp\htdocs\yii\framework\web\CController.php(1145): CFilter->filter(Object(CFilterChain))
#3 C:\xampp\htdocs\yii\framework\web\filters\CInlineFilter.php(58): CController->filterAccessControl(Object(CFilterChain))
#4 C:\xampp\htdocs\yii\framework\web\filters\CFilterChain.php(130): CInlineFilter->filter(Object(CFilterChain))
#5 C:\xampp\htdocs\yii\framework\web\CController.php(291): CFilterChain->run()
#6 C:\xampp\htdocs\yii\framework\web\CController.php(265): CController->runActionWithFilters(Object(CInlineAction), Array)
#7 C:\xampp\htdocs\yii\framework\web\CWebApplication.php(282): CController->run('delete')
#8 C:\xampp\htdocs\yii\framework\web\CWebApplication.php(141): CWebApplication->runController('organizaciones/...')
#9 C:\xampp\htdocs\yii\framework\base\CApplication.php(180): CWebApplication->processRequest()
#10 C:\xampp\htdocs\moduloadministracion\index.php(13): CApplication->run()
#11 {main}
REQUEST_URI=/moduloadministracion/index.php?r=organizaciones/delete&id=1212
HTTP_REFERER=http://localhost/moduloadministracion/index.php?r=organizaciones/admin
---
2014/10/06 16:39:23 [error] [php] Use of undefined constant endelse - assumed 'endelse' (C:\xampp\htdocs\moduloadministracion\protected\views\organizaciones\_form.php:89)
Stack trace:
#0 C:\xampp\htdocs\yii\framework\web\CController.php(869): OrganizacionesController->renderFile()
#1 C:\xampp\htdocs\moduloadministracion\protected\views\organizaciones\update.php(21): OrganizacionesController->renderPartial()
#2 C:\xampp\htdocs\yii\framework\web\CBaseController.php(126): require()
#3 C:\xampp\htdocs\yii\framework\web\CBaseController.php(95): OrganizacionesController->renderInternal()
#4 C:\xampp\htdocs\yii\framework\web\CController.php(869): OrganizacionesController->renderFile()
#5 C:\xampp\htdocs\yii\framework\web\CController.php(782): OrganizacionesController->renderPartial()
#6 C:\xampp\htdocs\moduloadministracion\protected\controllers\OrganizacionesController.php(103): OrganizacionesController->render()
#7 unknown(0): OrganizacionesController->actionUpdate()
#8 C:\xampp\htdocs\yii\framework\web\actions\CAction.php(108): ReflectionMethod->invokeArgs()
#9 C:\xampp\htdocs\yii\framework\web\actions\CInlineAction.php(47): CInlineAction->runWithParamsInternal()
#10 C:\xampp\htdocs\yii\framework\web\CController.php(308): CInlineAction->runWithParams()
#11 C:\xampp\htdocs\yii\framework\web\filters\CFilterChain.php(133): OrganizacionesController->runAction()
#12 C:\xampp\htdocs\yii\framework\web\filters\CFilter.php(40): CFilterChain->run()
#13 C:\xampp\htdocs\yii\framework\web\CController.php(1145): CAccessControlFilter->filter()
#14 C:\xampp\htdocs\yii\framework\web\filters\CInlineFilter.php(58): OrganizacionesController->filterAccessControl()
#15 C:\xampp\htdocs\yii\framework\web\filters\CFilterChain.php(130): CInlineFilter->filter()
#16 C:\xampp\htdocs\yii\framework\web\CController.php(291): CFilterChain->run()
#17 C:\xampp\htdocs\yii\framework\web\CController.php(265): OrganizacionesController->runActionWithFilters()
#18 C:\xampp\htdocs\yii\framework\web\CWebApplication.php(282): OrganizacionesController->run()
#19 C:\xampp\htdocs\yii\framework\web\CWebApplication.php(141): CWebApplication->runController()
#20 C:\xampp\htdocs\yii\framework\base\CApplication.php(180): CWebApplication->processRequest()
#21 C:\xampp\htdocs\moduloadministracion\index.php(13): CWebApplication->run()
REQUEST_URI=/moduloadministracion/index.php?r=organizaciones/update&id=1212
in C:\xampp\htdocs\moduloadministracion\protected\views\organizaciones\_form.php (89)
in C:\xampp\htdocs\moduloadministracion\protected\views\organizaciones\update.php (21)
in C:\xampp\htdocs\moduloadministracion\protected\controllers\OrganizacionesController.php (103)
2014/10/06 16:49:34 [error] [exception.CHttpException.403] exception 'CHttpException' with message 'You are not authorized to perform this action.' in C:\xampp\htdocs\yii\framework\web\auth\CAccessControlFilter.php:182
Stack trace:
#0 C:\xampp\htdocs\yii\framework\web\auth\CAccessControlFilter.php(145): CAccessControlFilter->accessDenied(Object(CWebUser), 'You are not aut...')
#1 C:\xampp\htdocs\yii\framework\web\filters\CFilter.php(38): CAccessControlFilter->preFilter(Object(CFilterChain))
#2 C:\xampp\htdocs\yii\framework\web\CController.php(1145): CFilter->filter(Object(CFilterChain))
#3 C:\xampp\htdocs\yii\framework\web\filters\CInlineFilter.php(58): CController->filterAccessControl(Object(CFilterChain))
#4 C:\xampp\htdocs\yii\framework\web\filters\CFilterChain.php(130): CInlineFilter->filter(Object(CFilterChain))
#5 C:\xampp\htdocs\yii\framework\web\CController.php(291): CFilterChain->run()
#6 C:\xampp\htdocs\yii\framework\web\CController.php(265): CController->runActionWithFilters(Object(CInlineAction), Array)
#7 C:\xampp\htdocs\yii\framework\web\CWebApplication.php(282): CController->run('delete')
#8 C:\xampp\htdocs\yii\framework\web\CWebApplication.php(141): CWebApplication->runController('organizaciones/...')
#9 C:\xampp\htdocs\yii\framework\base\CApplication.php(180): CWebApplication->processRequest()
#10 C:\xampp\htdocs\moduloadministracion\index.php(13): CApplication->run()
#11 {main}
REQUEST_URI=/moduloadministracion/index.php?r=organizaciones/delete&id=1569
HTTP_REFERER=http://localhost/moduloadministracion/index.php?r=organizaciones/admin
---
2014/10/06 17:05:06 [error] [exception.CException] exception 'CException' with message 'The "dataProvider" property cannot be empty.' in C:\xampp\htdocs\yii\framework\zii\widgets\CBaseListView.php:109
Stack trace:
#0 C:\xampp\htdocs\yii\framework\zii\widgets\grid\CGridView.php(339): CBaseListView->init()
#1 C:\xampp\htdocs\yii\framework\web\CBaseController.php(147): CGridView->init()
#2 C:\xampp\htdocs\yii\framework\web\CBaseController.php(172): CBaseController->createWidget('zii.widgets.gri...', Array)
#3 C:\xampp\htdocs\moduloadministracion\protected\views\organizaciones\admin.php(62): CBaseController->widget('zii.widgets.gri...', Array)
#4 C:\xampp\htdocs\yii\framework\web\CBaseController.php(126): require('C:\\xampp\\htdocs...')
#5 C:\xampp\htdocs\yii\framework\web\CBaseController.php(95): CBaseController->renderInternal('C:\\xampp\\htdocs...', Array, true)
#6 C:\xampp\htdocs\yii\framework\web\CController.php(869): CBaseController->renderFile('C:\\xampp\\htdocs...', Array, true)
#7 C:\xampp\htdocs\yii\framework\web\CController.php(782): CController->renderPartial('admin', Array, true)
#8 C:\xampp\htdocs\moduloadministracion\protected\controllers\OrganizacionesController.php(143): CController->render('admin', Array)
#9 C:\xampp\htdocs\yii\framework\web\actions\CInlineAction.php(49): OrganizacionesController->actionAdmin()
#10 C:\xampp\htdocs\yii\framework\web\CController.php(308): CInlineAction->runWithParams(Array)
#11 C:\xampp\htdocs\yii\framework\web\filters\CFilterChain.php(133): CController->runAction(Object(CInlineAction))
#12 C:\xampp\htdocs\yii\framework\web\filters\CFilter.php(40): CFilterChain->run()
#13 C:\xampp\htdocs\yii\framework\web\CController.php(1145): CFilter->filter(Object(CFilterChain))
#14 C:\xampp\htdocs\yii\framework\web\filters\CInlineFilter.php(58): CController->filterAccessControl(Object(CFilterChain))
#15 C:\xampp\htdocs\yii\framework\web\filters\CFilterChain.php(130): CInlineFilter->filter(Object(CFilterChain))
#16 C:\xampp\htdocs\yii\framework\web\CController.php(291): CFilterChain->run()
#17 C:\xampp\htdocs\yii\framework\web\CController.php(265): CController->runActionWithFilters(Object(CInlineAction), Array)
#18 C:\xampp\htdocs\yii\framework\web\CWebApplication.php(282): CController->run('admin')
#19 C:\xampp\htdocs\yii\framework\web\CWebApplication.php(141): CWebApplication->runController('organizaciones/...')
#20 C:\xampp\htdocs\yii\framework\base\CApplication.php(180): CWebApplication->processRequest()
#21 C:\xampp\htdocs\moduloadministracion\index.php(13): CApplication->run()
#22 {main}
REQUEST_URI=/moduloadministracion/index.php?r=organizaciones/admin
HTTP_REFERER=http://localhost/moduloadministracion/index.php?r=organizaciones/index
---
2014/10/06 17:08:08 [error] [exception.CException] exception 'CException' with message 'Property "CNumberValidator.0" is not defined.' in C:\xampp\htdocs\yii\framework\base\CComponent.php:173
Stack trace:
#0 C:\xampp\htdocs\yii\framework\validators\CValidator.php(189): CComponent->__set('0', false)
#1 C:\xampp\htdocs\yii\framework\base\CModel.php(287): CValidator::createValidator('numerical', Object(Organizaciones), 'Nit', Array)
#2 C:\xampp\htdocs\yii\framework\base\CModel.php(260): CModel->createValidators()
#3 C:\xampp\htdocs\yii\framework\web\helpers\CHtml.php(2236): CModel->getValidators('Nit')
#4 C:\xampp\htdocs\yii\framework\web\helpers\CHtml.php(1434): CHtml::activeInputField('text', Object(Organizaciones), 'Nit', Array)
#5 C:\xampp\htdocs\yii\framework\web\widgets\CActiveForm.php(725): CHtml::activeTextField(Object(Organizaciones), 'Nit', Array)
#6 C:\xampp\htdocs\moduloadministracion\protected\views\organizaciones\_search.php(16): CActiveForm->textField(Object(Organizaciones), 'Nit')
#7 C:\xampp\htdocs\yii\framework\web\CBaseController.php(126): require('C:\\xampp\\htdocs...')
#8 C:\xampp\htdocs\yii\framework\web\CBaseController.php(95): CBaseController->renderInternal('C:\\xampp\\htdocs...', Array, true)
#9 C:\xampp\htdocs\yii\framework\web\CController.php(869): CBaseController->renderFile('C:\\xampp\\htdocs...', Array, true)
#10 C:\xampp\htdocs\moduloadministracion\protected\views\organizaciones\admin.php(41): CController->renderPartial('_search', Array)
#11 C:\xampp\htdocs\yii\framework\web\CBaseController.php(126): require('C:\\xampp\\htdocs...')
#12 C:\xampp\htdocs\yii\framework\web\CBaseController.php(95): CBaseController->renderInternal('C:\\xampp\\htdocs...', Array, true)
#13 C:\xampp\htdocs\yii\framework\web\CController.php(869): CBaseController->renderFile('C:\\xampp\\htdocs...', Array, true)
#14 C:\xampp\htdocs\yii\framework\web\CController.php(782): CController->renderPartial('admin', Array, true)
#15 C:\xampp\htdocs\moduloadministracion\protected\controllers\OrganizacionesController.php(143): CController->render('admin', Array)
#16 C:\xampp\htdocs\yii\framework\web\actions\CInlineAction.php(49): OrganizacionesController->actionAdmin()
#17 C:\xampp\htdocs\yii\framework\web\CController.php(308): CInlineAction->runWithParams(Array)
#18 C:\xampp\htdocs\yii\framework\web\filters\CFilterChain.php(133): CController->runAction(Object(CInlineAction))
#19 C:\xampp\htdocs\yii\framework\web\filters\CFilter.php(40): CFilterChain->run()
#20 C:\xampp\htdocs\yii\framework\web\CController.php(1145): CFilter->filter(Object(CFilterChain))
#21 C:\xampp\htdocs\yii\framework\web\filters\CInlineFilter.php(58): CController->filterAccessControl(Object(CFilterChain))
#22 C:\xampp\htdocs\yii\framework\web\filters\CFilterChain.php(130): CInlineFilter->filter(Object(CFilterChain))
#23 C:\xampp\htdocs\yii\framework\web\CController.php(291): CFilterChain->run()
#24 C:\xampp\htdocs\yii\framework\web\CController.php(265): CController->runActionWithFilters(Object(CInlineAction), Array)
#25 C:\xampp\htdocs\yii\framework\web\CWebApplication.php(282): CController->run('admin')
#26 C:\xampp\htdocs\yii\framework\web\CWebApplication.php(141): CWebApplication->runController('organizaciones/...')
#27 C:\xampp\htdocs\yii\framework\base\CApplication.php(180): CWebApplication->processRequest()
#28 C:\xampp\htdocs\moduloadministracion\index.php(13): CApplication->run()
#29 {main}
REQUEST_URI=/moduloadministracion/index.php?r=organizaciones/admin
HTTP_REFERER=http://localhost/moduloadministracion/index.php?r=organizaciones/index
---
2014/10/06 18:00:56 [error] [exception.CHttpException.400] exception 'CHttpException' with message 'Your request is invalid.' in C:\xampp\htdocs\yii\framework\web\CController.php:1118
Stack trace:
#0 C:\xampp\htdocs\yii\framework\web\filters\CInlineFilter.php(58): CController->filterPostOnly(Object(CFilterChain))
#1 C:\xampp\htdocs\yii\framework\web\filters\CFilterChain.php(130): CInlineFilter->filter(Object(CFilterChain))
#2 C:\xampp\htdocs\yii\framework\web\filters\CFilter.php(40): CFilterChain->run()
#3 C:\xampp\htdocs\yii\framework\web\CController.php(1145): CFilter->filter(Object(CFilterChain))
#4 C:\xampp\htdocs\yii\framework\web\filters\CInlineFilter.php(58): CController->filterAccessControl(Object(CFilterChain))
#5 C:\xampp\htdocs\yii\framework\web\filters\CFilterChain.php(130): CInlineFilter->filter(Object(CFilterChain))
#6 C:\xampp\htdocs\yii\framework\web\CController.php(291): CFilterChain->run()
#7 C:\xampp\htdocs\yii\framework\web\CController.php(265): CController->runActionWithFilters(Object(CInlineAction), Array)
#8 C:\xampp\htdocs\yii\framework\web\CWebApplication.php(282): CController->run('delete')
#9 C:\xampp\htdocs\yii\framework\web\CWebApplication.php(141): CWebApplication->runController('organizaciones/...')
#10 C:\xampp\htdocs\yii\framework\base\CApplication.php(180): CWebApplication->processRequest()
#11 C:\xampp\htdocs\moduloadministracion\index.php(13): CApplication->run()
#12 {main}
REQUEST_URI=/moduloadministracion/index.php?r=organizaciones/delete&id=1212
HTTP_REFERER=http://localhost/moduloadministracion/index.php?r=organizaciones/admin
---
2014/10/06 19:02:11 [error] [exception.CException] exception 'CException' with message 'Property "Investigador.Nombre" is not defined.' in C:\xampp\htdocs\yii\framework\base\CComponent.php:130
Stack trace:
#0 C:\xampp\htdocs\yii\framework\db\ar\CActiveRecord.php(145): CComponent->__get('Nombre')
#1 C:\xampp\htdocs\moduloadministracion\protected\views\investigador\view.php(19): CActiveRecord->__get('Nombre')
#2 C:\xampp\htdocs\yii\framework\web\CBaseController.php(126): require('C:\\xampp\\htdocs...')
#3 C:\xampp\htdocs\yii\framework\web\CBaseController.php(95): CBaseController->renderInternal('C:\\xampp\\htdocs...', Array, true)
#4 C:\xampp\htdocs\yii\framework\web\CController.php(869): CBaseController->renderFile('C:\\xampp\\htdocs...', Array, true)
#5 C:\xampp\htdocs\yii\framework\web\CController.php(782): CController->renderPartial('view', Array, true)
#6 C:\xampp\htdocs\moduloadministracion\protected\controllers\InvestigadorController.php(56): CController->render('view', Array)
#7 [internal function]: InvestigadorController->actionView('1094')
#8 C:\xampp\htdocs\yii\framework\web\actions\CAction.php(108): ReflectionMethod->invokeArgs(Object(InvestigadorController), Array)
#9 C:\xampp\htdocs\yii\framework\web\actions\CInlineAction.php(47): CAction->runWithParamsInternal(Object(InvestigadorController), Object(ReflectionMethod), Array)
#10 C:\xampp\htdocs\yii\framework\web\CController.php(308): CInlineAction->runWithParams(Array)
#11 C:\xampp\htdocs\yii\framework\web\filters\CFilterChain.php(133): CController->runAction(Object(CInlineAction))
#12 C:\xampp\htdocs\yii\framework\web\filters\CFilter.php(40): CFilterChain->run()
#13 C:\xampp\htdocs\yii\framework\web\CController.php(1145): CFilter->filter(Object(CFilterChain))
#14 C:\xampp\htdocs\yii\framework\web\filters\CInlineFilter.php(58): CController->filterAccessControl(Object(CFilterChain))
#15 C:\xampp\htdocs\yii\framework\web\filters\CFilterChain.php(130): CInlineFilter->filter(Object(CFilterChain))
#16 C:\xampp\htdocs\yii\framework\web\CController.php(291): CFilterChain->run()
#17 C:\xampp\htdocs\yii\framework\web\CController.php(265): CController->runActionWithFilters(Object(CInlineAction), Array)
#18 C:\xampp\htdocs\yii\framework\web\CWebApplication.php(282): CController->run('view')
#19 C:\xampp\htdocs\yii\framework\web\CWebApplication.php(141): CWebApplication->runController('investigador/vi...')
#20 C:\xampp\htdocs\yii\framework\base\CApplication.php(180): CWebApplication->processRequest()
#21 C:\xampp\htdocs\moduloadministracion\index.php(13): CApplication->run()
#22 {main}
REQUEST_URI=/moduloadministracion/index.php?r=investigador/view&id=1094
HTTP_REFERER=http://localhost/moduloadministracion/index.php?r=investigador/update&id=1094
---
2014/10/06 19:02:28 [error] [exception.CException] exception 'CException' with message 'Property "Investigador.Nombre" is not defined.' in C:\xampp\htdocs\yii\framework\base\CComponent.php:130
Stack trace:
#0 C:\xampp\htdocs\yii\framework\db\ar\CActiveRecord.php(145): CComponent->__get('Nombre')
#1 C:\xampp\htdocs\moduloadministracion\protected\views\investigador\view.php(19): CActiveRecord->__get('Nombre')
#2 C:\xampp\htdocs\yii\framework\web\CBaseController.php(126): require('C:\\xampp\\htdocs...')
#3 C:\xampp\htdocs\yii\framework\web\CBaseController.php(95): CBaseController->renderInternal('C:\\xampp\\htdocs...', Array, true)
#4 C:\xampp\htdocs\yii\framework\web\CController.php(869): CBaseController->renderFile('C:\\xampp\\htdocs...', Array, true)
#5 C:\xampp\htdocs\yii\framework\web\CController.php(782): CController->renderPartial('view', Array, true)
#6 C:\xampp\htdocs\moduloadministracion\protected\controllers\InvestigadorController.php(56): CController->render('view', Array)
#7 [internal function]: InvestigadorController->actionView('1094')
#8 C:\xampp\htdocs\yii\framework\web\actions\CAction.php(108): ReflectionMethod->invokeArgs(Object(InvestigadorController), Array)
#9 C:\xampp\htdocs\yii\framework\web\actions\CInlineAction.php(47): CAction->runWithParamsInternal(Object(InvestigadorController), Object(ReflectionMethod), Array)
#10 C:\xampp\htdocs\yii\framework\web\CController.php(308): CInlineAction->runWithParams(Array)
#11 C:\xampp\htdocs\yii\framework\web\filters\CFilterChain.php(133): CController->runAction(Object(CInlineAction))
#12 C:\xampp\htdocs\yii\framework\web\filters\CFilter.php(40): CFilterChain->run()
#13 C:\xampp\htdocs\yii\framework\web\CController.php(1145): CFilter->filter(Object(CFilterChain))
#14 C:\xampp\htdocs\yii\framework\web\filters\CInlineFilter.php(58): CController->filterAccessControl(Object(CFilterChain))
#15 C:\xampp\htdocs\yii\framework\web\filters\CFilterChain.php(130): CInlineFilter->filter(Object(CFilterChain))
#16 C:\xampp\htdocs\yii\framework\web\CController.php(291): CFilterChain->run()
#17 C:\xampp\htdocs\yii\framework\web\CController.php(265): CController->runActionWithFilters(Object(CInlineAction), Array)
#18 C:\xampp\htdocs\yii\framework\web\CWebApplication.php(282): CController->run('view')
#19 C:\xampp\htdocs\yii\framework\web\CWebApplication.php(141): CWebApplication->runController('investigador/vi...')
#20 C:\xampp\htdocs\yii\framework\base\CApplication.php(180): CWebApplication->processRequest()
#21 C:\xampp\htdocs\moduloadministracion\index.php(13): CApplication->run()
#22 {main}
REQUEST_URI=/moduloadministracion/index.php?r=investigador/view&id=1094
HTTP_REFERER=http://localhost/moduloadministracion/index.php?r=investigador/update&id=1094
---
2014/10/06 19:02:47 [error] [exception.CException] exception 'CException' with message 'Property "Investigador.Nombre" is not defined.' in C:\xampp\htdocs\yii\framework\base\CComponent.php:130
Stack trace:
#0 C:\xampp\htdocs\yii\framework\db\ar\CActiveRecord.php(145): CComponent->__get('Nombre')
#1 C:\xampp\htdocs\moduloadministracion\protected\views\investigador\view.php(19): CActiveRecord->__get('Nombre')
#2 C:\xampp\htdocs\yii\framework\web\CBaseController.php(126): require('C:\\xampp\\htdocs...')
#3 C:\xampp\htdocs\yii\framework\web\CBaseController.php(95): CBaseController->renderInternal('C:\\xampp\\htdocs...', Array, true)
#4 C:\xampp\htdocs\yii\framework\web\CController.php(869): CBaseController->renderFile('C:\\xampp\\htdocs...', Array, true)
#5 C:\xampp\htdocs\yii\framework\web\CController.php(782): CController->renderPartial('view', Array, true)
#6 C:\xampp\htdocs\moduloadministracion\protected\controllers\InvestigadorController.php(56): CController->render('view', Array)
#7 [internal function]: InvestigadorController->actionView('1094')
#8 C:\xampp\htdocs\yii\framework\web\actions\CAction.php(108): ReflectionMethod->invokeArgs(Object(InvestigadorController), Array)
#9 C:\xampp\htdocs\yii\framework\web\actions\CInlineAction.php(47): CAction->runWithParamsInternal(Object(InvestigadorController), Object(ReflectionMethod), Array)
#10 C:\xampp\htdocs\yii\framework\web\CController.php(308): CInlineAction->runWithParams(Array)
#11 C:\xampp\htdocs\yii\framework\web\filters\CFilterChain.php(133): CController->runAction(Object(CInlineAction))
#12 C:\xampp\htdocs\yii\framework\web\filters\CFilter.php(40): CFilterChain->run()
#13 C:\xampp\htdocs\yii\framework\web\CController.php(1145): CFilter->filter(Object(CFilterChain))
#14 C:\xampp\htdocs\yii\framework\web\filters\CInlineFilter.php(58): CController->filterAccessControl(Object(CFilterChain))
#15 C:\xampp\htdocs\yii\framework\web\filters\CFilterChain.php(130): CInlineFilter->filter(Object(CFilterChain))
#16 C:\xampp\htdocs\yii\framework\web\CController.php(291): CFilterChain->run()
#17 C:\xampp\htdocs\yii\framework\web\CController.php(265): CController->runActionWithFilters(Object(CInlineAction), Array)
#18 C:\xampp\htdocs\yii\framework\web\CWebApplication.php(282): CController->run('view')
#19 C:\xampp\htdocs\yii\framework\web\CWebApplication.php(141): CWebApplication->runController('investigador/vi...')
#20 C:\xampp\htdocs\yii\framework\base\CApplication.php(180): CWebApplication->processRequest()
#21 C:\xampp\htdocs\moduloadministracion\index.php(13): CApplication->run()
#22 {main}
REQUEST_URI=/moduloadministracion/index.php?r=investigador/view&id=1094
HTTP_REFERER=http://localhost/moduloadministracion/index.php?r=investigador/update&id=1094
---
2014/10/06 19:02:59 [error] [exception.CException] exception 'CException' with message 'Property "Investigador.Nombre" is not defined.' in C:\xampp\htdocs\yii\framework\base\CComponent.php:130
Stack trace:
#0 C:\xampp\htdocs\yii\framework\db\ar\CActiveRecord.php(145): CComponent->__get('Nombre')
#1 C:\xampp\htdocs\moduloadministracion\protected\views\investigador\view.php(19): CActiveRecord->__get('Nombre')
#2 C:\xampp\htdocs\yii\framework\web\CBaseController.php(126): require('C:\\xampp\\htdocs...')
#3 C:\xampp\htdocs\yii\framework\web\CBaseController.php(95): CBaseController->renderInternal('C:\\xampp\\htdocs...', Array, true)
#4 C:\xampp\htdocs\yii\framework\web\CController.php(869): CBaseController->renderFile('C:\\xampp\\htdocs...', Array, true)
#5 C:\xampp\htdocs\yii\framework\web\CController.php(782): CController->renderPartial('view', Array, true)
#6 C:\xampp\htdocs\moduloadministracion\protected\controllers\InvestigadorController.php(56): CController->render('view', Array)
#7 [internal function]: InvestigadorController->actionView('1231222')
#8 C:\xampp\htdocs\yii\framework\web\actions\CAction.php(108): ReflectionMethod->invokeArgs(Object(InvestigadorController), Array)
#9 C:\xampp\htdocs\yii\framework\web\actions\CInlineAction.php(47): CAction->runWithParamsInternal(Object(InvestigadorController), Object(ReflectionMethod), Array)
#10 C:\xampp\htdocs\yii\framework\web\CController.php(308): CInlineAction->runWithParams(Array)
#11 C:\xampp\htdocs\yii\framework\web\filters\CFilterChain.php(133): CController->runAction(Object(CInlineAction))
#12 C:\xampp\htdocs\yii\framework\web\filters\CFilter.php(40): CFilterChain->run()
#13 C:\xampp\htdocs\yii\framework\web\CController.php(1145): CFilter->filter(Object(CFilterChain))
#14 C:\xampp\htdocs\yii\framework\web\filters\CInlineFilter.php(58): CController->filterAccessControl(Object(CFilterChain))
#15 C:\xampp\htdocs\yii\framework\web\filters\CFilterChain.php(130): CInlineFilter->filter(Object(CFilterChain))
#16 C:\xampp\htdocs\yii\framework\web\CController.php(291): CFilterChain->run()
#17 C:\xampp\htdocs\yii\framework\web\CController.php(265): CController->runActionWithFilters(Object(CInlineAction), Array)
#18 C:\xampp\htdocs\yii\framework\web\CWebApplication.php(282): CController->run('view')
#19 C:\xampp\htdocs\yii\framework\web\CWebApplication.php(141): CWebApplication->runController('investigador/vi...')
#20 C:\xampp\htdocs\yii\framework\base\CApplication.php(180): CWebApplication->processRequest()
#21 C:\xampp\htdocs\moduloadministracion\index.php(13): CApplication->run()
#22 {main}
REQUEST_URI=/moduloadministracion/index.php?r=investigador/view&id=1231222
HTTP_REFERER=http://localhost/moduloadministracion/index.php?r=investigador/update&id=1231222
---
2014/10/06 19:03:49 [error] [exception.CException] exception 'CException' with message 'Property "Investigador.Nombre" is not defined.' in C:\xampp\htdocs\yii\framework\base\CComponent.php:130
Stack trace:
#0 C:\xampp\htdocs\yii\framework\db\ar\CActiveRecord.php(145): CComponent->__get('Nombre')
#1 C:\xampp\htdocs\moduloadministracion\protected\views\investigador\view.php(19): CActiveRecord->__get('Nombre')
#2 C:\xampp\htdocs\yii\framework\web\CBaseController.php(126): require('C:\\xampp\\htdocs...')
#3 C:\xampp\htdocs\yii\framework\web\CBaseController.php(95): CBaseController->renderInternal('C:\\xampp\\htdocs...', Array, true)
#4 C:\xampp\htdocs\yii\framework\web\CController.php(869): CBaseController->renderFile('C:\\xampp\\htdocs...', Array, true)
#5 C:\xampp\htdocs\yii\framework\web\CController.php(782): CController->renderPartial('view', Array, true)
#6 C:\xampp\htdocs\moduloadministracion\protected\controllers\InvestigadorController.php(56): CController->render('view', Array)
#7 [internal function]: InvestigadorController->actionView('1231222')
#8 C:\xampp\htdocs\yii\framework\web\actions\CAction.php(108): ReflectionMethod->invokeArgs(Object(InvestigadorController), Array)
#9 C:\xampp\htdocs\yii\framework\web\actions\CInlineAction.php(47): CAction->runWithParamsInternal(Object(InvestigadorController), Object(ReflectionMethod), Array)
#10 C:\xampp\htdocs\yii\framework\web\CController.php(308): CInlineAction->runWithParams(Array)
#11 C:\xampp\htdocs\yii\framework\web\filters\CFilterChain.php(133): CController->runAction(Object(CInlineAction))
#12 C:\xampp\htdocs\yii\framework\web\filters\CFilter.php(40): CFilterChain->run()
#13 C:\xampp\htdocs\yii\framework\web\CController.php(1145): CFilter->filter(Object(CFilterChain))
#14 C:\xampp\htdocs\yii\framework\web\filters\CInlineFilter.php(58): CController->filterAccessControl(Object(CFilterChain))
#15 C:\xampp\htdocs\yii\framework\web\filters\CFilterChain.php(130): CInlineFilter->filter(Object(CFilterChain))
#16 C:\xampp\htdocs\yii\framework\web\CController.php(291): CFilterChain->run()
#17 C:\xampp\htdocs\yii\framework\web\CController.php(265): CController->runActionWithFilters(Object(CInlineAction), Array)
#18 C:\xampp\htdocs\yii\framework\web\CWebApplication.php(282): CController->run('view')
#19 C:\xampp\htdocs\yii\framework\web\CWebApplication.php(141): CWebApplication->runController('investigador/vi...')
#20 C:\xampp\htdocs\yii\framework\base\CApplication.php(180): CWebApplication->processRequest()
#21 C:\xampp\htdocs\moduloadministracion\index.php(13): CApplication->run()
#22 {main}
REQUEST_URI=/moduloadministracion/index.php?r=investigador/view&id=1231222
HTTP_REFERER=http://localhost/moduloadministracion/index.php?r=investigador/admin
---
2014/10/06 20:02:18 [warning] [application] Failed to set unsafe attribute "justificacion" of "Investigador".
in C:\xampp\htdocs\moduloadministracion\protected\controllers\InvestigadorController.php (101)
in C:\xampp\htdocs\moduloadministracion\index.php (13)
2014/10/06 20:02:29 [warning] [application] Failed to set unsafe attribute "justificacion" of "Investigador".
in C:\xampp\htdocs\moduloadministracion\protected\controllers\InvestigadorController.php (101)
in C:\xampp\htdocs\moduloadministracion\index.php (13)
2014/10/06 20:03:06 [warning] [application] Failed to set unsafe attribute "justificacion" of "Investigador".
in C:\xampp\htdocs\moduloadministracion\protected\controllers\InvestigadorController.php (101)
in C:\xampp\htdocs\moduloadministracion\index.php (13)
2014/10/06 20:05:47 [warning] [application] Failed to set unsafe attribute "justificacion" of "Investigador".
in C:\xampp\htdocs\moduloadministracion\protected\controllers\InvestigadorController.php (101)
in C:\xampp\htdocs\moduloadministracion\index.php (13)
2014/10/06 20:07:14 [warning] [application] Failed to set unsafe attribute "justificacion" of "Investigador".
in C:\xampp\htdocs\moduloadministracion\protected\controllers\InvestigadorController.php (101)
in C:\xampp\htdocs\moduloadministracion\index.php (13)
2014/10/06 20:08:45 [warning] [application] Failed to set unsafe attribute "justificacion" of "Investigador".
in C:\xampp\htdocs\moduloadministracion\protected\controllers\InvestigadorController.php (101)
in C:\xampp\htdocs\moduloadministracion\index.php (13)
2014/10/06 20:09:21 [warning] [application] Failed to set unsafe attribute "justificacion" of "Investigador".
in C:\xampp\htdocs\moduloadministracion\protected\controllers\InvestigadorController.php (101)
in C:\xampp\htdocs\moduloadministracion\index.php (13)
2014/10/06 20:09:42 [warning] [application] Failed to set unsafe attribute "justificacion" of "Investigador".
in C:\xampp\htdocs\moduloadministracion\protected\controllers\InvestigadorController.php (101)
in C:\xampp\htdocs\moduloadministracion\index.php (13)
